<?xml version="1.0" encoding="UTF-8"?>
<!-- Generated by org.testng.reporters.JUnitReportReporter -->
<testsuite hostname="DESKTOP-2OLSDL4" failures="0" tests="1" name="com.AmazonMaven.testCases.TC_TodaysDeal" time="3.863" errors="0" timestamp="24 Mar 2019 00:37:00 GMT" skipped="0">
  <testcase classname="com.AmazonMaven.testCases.TC_TodaysDeal" name="TodayDealPAGEFunctions" time="3.863"/>
</testsuite> <!-- com.AmazonMaven.testCases.TC_TodaysDeal -->
