<?xml version="1.0" encoding="UTF-8"?>
<!-- Generated by org.testng.reporters.JUnitReportReporter -->
<testsuite hostname="DESKTOP-2OLSDL4" failures="0" tests="1" name="com.AmazonMaven.testCases.TC_HomePage001" time="12.523" errors="0" timestamp="24 Mar 2019 02:11:28 GMT" skipped="0">
  <testcase classname="com.AmazonMaven.testCases.TC_HomePage001" name="HomePageExecution" time="12.523"/>
</testsuite> <!-- com.AmazonMaven.testCases.TC_HomePage001 -->
